<?xml version="1.0" encoding="utf-8"?><testsuites name="pytest tests"><testsuite name="pytest" errors="0" failures="0" skipped="0" tests="16" time="2.303" timestamp="2026-01-21T19:23:48.803899+00:00" hostname="agent-env-ba573df6-bef1-4dda-964c-0567936fd6b0"><testcase classname="tests.test_osner_features.TestPaymentMethods" name="test_get_payment_methods_returns_200" time="0.072" /><testcase classname="tests.test_osner_features.TestPaymentMethods" name="test_payment_methods_contains_wave_ci" time="0.047" /><testcase classname="tests.test_osner_features.TestPaymentMethods" name="test_payment_methods_contains_all_expected_methods" time="0.046" /><testcase classname="tests.test_osner_features.TestPaymentMethods" name="test_payment_packages_endpoint" time="0.037" /><testcase classname="tests.test_osner_features.TestNewsAggregation" name="test_update_news_endpoint_returns_success" time="1.513" /><testcase classname="tests.test_osner_features.TestNewsAggregation" name="test_aggregation_status_endpoint" time="0.041" /><testcase classname="tests.test_osner_features.TestArticlesAPI" name="test_get_articles_returns_200" time="0.041" /><testcase classname="tests.test_osner_features.TestArticlesAPI" name="test_articles_have_correct_structure" time="0.046" /><testcase classname="tests.test_osner_features.TestArticlesAPI" name="test_articles_have_valid_categories" time="0.040" /><testcase classname="tests.test_osner_features.TestArticlesAPI" name="test_filter_articles_by_category" time="0.041" /><testcase classname="tests.test_osner_features.TestBankTransferDetails" name="test_bank_transfer_method_available" time="0.036" /><testcase classname="tests.test_osner_features.TestFormationsAPI" name="test_get_formations_returns_200" time="0.036" /><testcase classname="tests.test_osner_features.TestFormationsAPI" name="test_formations_have_correct_structure" time="0.037" /><testcase classname="tests.test_osner_features.TestEmploisAPI" name="test_get_emplois_returns_200" time="0.038" /><testcase classname="tests.test_osner_features.TestEmploisAPI" name="test_emplois_have_correct_structure" time="0.036" /><testcase classname="tests.test_osner_features.TestRootAPI" name="test_root_endpoint" time="0.048" /></testsuite></testsuites>