<?xml version="1.0" encoding="utf-8"?><testsuites name="pytest tests"><testsuite name="pytest" errors="0" failures="0" skipped="0" tests="14" time="2.026" timestamp="2026-01-21T20:27:54.229458+00:00" hostname="agent-env-ba573df6-bef1-4dda-964c-0567936fd6b0"><testcase classname="tests.test_iteration3_features.TestAPIHealth" name="test_api_root" time="0.064" /><testcase classname="tests.test_iteration3_features.TestNotificationAPI" name="test_get_notifications_unauthenticated" time="0.044" /><testcase classname="tests.test_iteration3_features.TestNotificationAPI" name="test_get_notifications_count_unauthenticated" time="0.039" /><testcase classname="tests.test_iteration3_features.TestNotificationAPI" name="test_get_notifications_authenticated" time="0.295" /><testcase classname="tests.test_iteration3_features.TestNotificationAPI" name="test_get_unread_count_authenticated" time="0.038" /><testcase classname="tests.test_iteration3_features.TestNotificationAPI" name="test_welcome_notification_on_registration" time="0.039" /><testcase classname="tests.test_iteration3_features.TestNotificationAPI" name="test_mark_notification_as_read" time="0.080" /><testcase classname="tests.test_iteration3_features.TestNotificationAPI" name="test_mark_all_as_read" time="0.041" /><testcase classname="tests.test_iteration3_features.TestNotificationAPI" name="test_delete_notification" time="0.340" /><testcase classname="tests.test_iteration3_features.TestCandidateAuth" name="test_register_new_user" time="0.304" /><testcase classname="tests.test_iteration3_features.TestCandidateAuth" name="test_login_existing_user" time="0.563" /><testcase classname="tests.test_iteration3_features.TestExistingEndpoints" name="test_articles_endpoint" time="0.042" /><testcase classname="tests.test_iteration3_features.TestExistingEndpoints" name="test_formations_endpoint" time="0.035" /><testcase classname="tests.test_iteration3_features.TestExistingEndpoints" name="test_emplois_endpoint" time="0.037" /></testsuite></testsuites>